<?xml version="1.0" encoding="UTF-8"?>
<testng-results ignored="0" total="1" passed="1" failed="0" skipped="0">
  <reporter-output>
  </reporter-output>
  <suite started-at="2024-05-23T22:45:32 IST" name="Default suite" finished-at="2024-05-23T22:46:45 IST" duration-ms="72406">
    <groups>
    </groups>
    <test started-at="2024-05-23T22:45:32 IST" name="Default test" finished-at="2024-05-23T22:46:45 IST" duration-ms="72406">
      <class name="practiceSession2.SumOfTableInteger">
        <test-method signature="summ1()[pri:0, instance:practiceSession2.SumOfTableInteger@35d019a3]" started-at="2024-05-23T22:45:32 IST" name="summ1" finished-at="2024-05-23T22:46:44 IST" duration-ms="71914" status="PASS">
          <reporter-output>
          </reporter-output>
        </test-method> <!-- summ1 -->
      </class> <!-- practiceSession2.SumOfTableInteger -->
    </test> <!-- Default test -->
  </suite> <!-- Default suite -->
</testng-results>
